Arguments: 
  C:\Program Files\nodejs\node.exe C:\Users\tanma\AppData\Roaming\npm\node_modules\yarn\bin\yarn.js add react-hot-toast

PATH: 
  C:\Users\tanma\bin;C:\Program Files\Git\mingw64\bin;C:\Program Files\Git\usr\local\bin;C:\Program Files\Git\usr\bin;C:\Program Files\Git\usr\bin;C:\Program Files\Git\mingw64\bin;C:\Program Files\Git\usr\bin;C:\Users\tanma\bin;C:\Program Files\Microsoft\jdk-11.0.20.8-hotspot\bin;C:\Python311\Scripts;C:\Python311;C:\WINDOWS\system32;C:\WINDOWS;C:\WINDOWS\System32\Wbem;C:\WINDOWS\System32\WindowsPowerShell\v1.0;C:\WINDOWS\System32\OpenSSH;C:\Program Files\dotnet;C:\MinGW\bin;C:\MinGW\mingw32\bin;C:\ProgramData\chocolatey\bin;C:\Program Files\MongoDB\Server\6.0\bin;C:\Program Files\Git\cmd;C:\Program Files\nodejs;C:\Users\tanma\AppData\Local\Android\Sdk\platform-tools;C:\Program Files\Docker\Docker\resources\bin;C:\Program Files\Go\bin;C:\Program Files\MongoDB\Server\6.0\bin;C:\Users\tanma\AppData\Local\Microsoft\WindowsApps;C:\Program Files\JetBrains\IntelliJ IDEA Community Edition 2022.2.3\bin;C:\Users\tanma\AppData\Local\Programs\Microsoft VS Code\bin;C:\dart-sdk\bin;C:\Program Files\Java\jdk-20\bin;C:\data\db;C:\data\db\diagnostic.data;C:\data\db\journal;C:\Program Files\JetBrains\PyCharm Community Edition 2023.1.1\bin;C:\Program Files\heroku\bin;C:\Users\tanma\AppData\Roaming\npm;C:\Users\tanma\AppData\Local\Android\Sdk\platform-tools;C:\Users\tanma\go\bin;C:\Program Files\Git\usr\bin\vendor_perl;C:\Program Files\Git\usr\bin\core_perl

Yarn version: 
  1.22.19

Node version: 
  20.5.1

Platform: 
  win32 x64

Trace: 
  Error: EPERM: operation not permitted, unlink 'C:\Users\tanma\OneDrive\Desktop\web dev 2.0\Freelance_project\drop_the_queue\node_modules\@esbuild\win32-x64\esbuild.exe'

npm manifest: 
  {
    "name": "drop_the_queue",
    "private": true,
    "version": "0.0.0",
    "type": "module",
    "scripts": {
      "dev": "vite",
      "build": "vite build",
      "lint": "eslint . --ext js,jsx --report-unused-disable-directives --max-warnings 0",
      "preview": "vite preview"
    },
    "dependencies": {
      "axios": "^1.6.8",
      "md5": "^2.3.0",
      "react": "^18.2.0",
      "react-dom": "^18.2.0",
      "react-icons": "^5.1.0",
      "react-router-dom": "^6.23.0",
      "react-spinners": "^0.13.8",
      "uuid": "^9.0.1"
    },
    "devDependencies": {
      "@types/react": "^18.2.15",
      "@types/react-dom": "^18.2.7",
      "@vitejs/plugin-react": "^4.0.3",
      "autoprefixer": "^10.4.19",
      "eslint": "^8.45.0",
      "eslint-plugin-react": "^7.32.2",
      "eslint-plugin-react-hooks": "^4.6.0",
      "eslint-plugin-react-refresh": "^0.4.3",
      "postcss": "^8.4.38",
      "tailwindcss": "^3.4.3",
      "vite": "^4.4.5"
    }
  }

yarn manifest: 
  No manifest

Lockfile: 
  No lockfile
